Available lights:
[<65545 - LWB010 - Lampe 9 (LWB010)>, <65549 - LED-Lampe 13 (TRADFRI bulb E27 W opal 1000lm)>, <65553 - LED-Lampe 16 (TRADFRI bulb E27 W opal 1000lm)>, <65541 - TRADFRI bulb 5 (TRADFRI bulb E27 W opal 1000lm)>, <65555 - LED-Lampe 18 (TRADFRI bulb E27 opal 1000lm)>, <65543 - TRADFRI bulb 7 (TRADFRI bulb E27 opal 1000lm)>, <65552 - LED-Lampe 15 (TRADFRI bulb E27 W opal 1000lm)>, <65551 - LED-Lampe 14 (TRADFRI bulb E27 opal 1000lm)>, <65547 - LED-Lampe 11 (TRADFRI bulb E27 W opal 1000lm)>, <65548 - LED-Lampe 12 (TRADFRI bulb E27 W opal 1000lm)>, <65546 - LED-Lampe 10 (TRADFRI bulb E27 W opal 1000lm)>, <65544 - TRADFRI bulb 8 (TRADFRI bulb E27 WS opal 980lm)>, <65538 - TRADFRI bulb 2 (TRADFRI bulb E27 W opal 1000lm)>, <65537 - TRADFRI bulb (TRADFRI bulb E27 W opal 1000lm)>, <65554 - LED-Lampe 17 (TRADFRI bulb E27 W opal 1000lm)>, <65539 - TRADFRI bulb 3 (TRADFRI bulb E27 W opal 1000lm)>, <65542 - TRADFRI bulb 6 (TRADFRI bulb E27 W opal 1000lm)>, <65540 - TRADFRI bulb 4 (TRADFRI bulb E27 W opal 1000lm)>]
Starting OLA connector...
Send
Send
Send
Send
Send
Send
Send
Send
Send
Send
Send
Send
Send
Send
Send
Send
Send
Send
Send
Send
Send
Send
Send
Send
Send
Send
Send
Send
Send
Send
Send
Send
Send
Send
Send
Send
Send
Send
Send
Send
Send
Send
Send
Send
Send
Send
Send
Send
Send
Send
Send
Send
Send
Send
Send
Send
Send
Send
Send
Send
Send
Send
Send
Send
Send
Send
Send
Send
Send
Send
Send
Send
Send
Send
Send
Send
Send
Send
Send
Send
Send
Send
Send
Send
Send
Send
Send
Send
Send
Send
Send
Send
Send
Send
Send
Send
Send
Send
Send
Send
Send
Send
Send
Send
Send
Send
Send
Send
Send
Send
Send
Send
Send
Send
Send
Send
Send
Send
Send
Send
Send
Send
Send
Send
Send
Send
Send
Send
Send
Send
Send
Send
Send
Send
Send
Send
Send
Send
Send
Send
Send
Send
Send
Send
Send
Send
Send
Send
Send
Send
Send
Send
Send
Send
Send
Send
Send
Send
Send
Send
Send
Send
Send
Send
Send
Send
Send
Send
Send
Send
Send
Send
Send
Send
Send
Send
Send
Send
Send
Send
Send
Send
Send
Send
Send
Send
Send
Send
Send
Send
Send
Send
Send
Send
Send
Send
Send
Send
Send
Send
Send
Send
Send
Send
Send
Send
Send
Send
Send
Send
Send
Send
Send
Send
Send
Send
Send
Send
Send
Send
Send
Send
Send
Send
Send
Send
Send
Send
Send
Send
Send
Send
Send
Send
Send
Send
Send
Send
Send
Send
Send
Send
Send
Send
Send
Send
Send
Send
Send
Send
Send
Send
Send
Send
Send
Send
Send
Send
Send
Send
Send
Send
Send
Send
Send
Send
Send
Send
Send
Send
Send
Send
Send
Send
Send
Send
Send
Send
Send
Send
Send
Send
Send
Send
Send
Send
Send
Send
Send
Send
Send
Send
Send
Send
Send
Send
Send
Send
Send
Send
Send
Send
Send
Send
Send
Send
Send
Send
Send
Send
Send
Send
Send
Send
Send
Send
Send
Send
Send
Send
Send
Send
Send
Send
Send
Send
Send
Send
Send
Send
Send
Send
Send
Send
Send
Send
Send
Send
Send
Send
Send
Send
Send
Send
Send
Send
Send
Send
Send
Send
Send
Send
Send
Send
Send
Send
Send
Send
Send
Send
Send
Send
Send
Send
Send
Send
Send
Send
Send
Send
Send
Send
Send
Send
Send
Send
Send
Send
Send
Send
Send
Send
Send
Send
Send
Send
Send
Send
Send
Send
Send
Send
Send
Send
Send
Send
Send
Send
Send
Send
Send
Send
Send
Send
Send
Send
Send
Send
Send
Send
Send
Send
Send
Send
Send
Send
Send
Send
Send
Send
Send
Send
Send
Send
Send
Send
Send
Send
Send
Send
Send
Send
Send
Send
Send
Send
Send
Send
Send
Send
Send
Send
Send
Send
Send
Send
Send
Send
Send
Send
Send
Send
Send
Send
Send
Send
Send
Send
Send
Send
Send
Send
Send
Send
Send
Send
Send
Send
Send
Send
Send
Send
Send
Send
Send
Send
Send
Send
Send
Send
Send
Send
Send
Send
Send
Send
Send
Send
Send
Send
Send
Send
Send
Send
Send
Send
Send
Send
Send
Send
Send
Send
Send
Send
Send
Send
Send
Send
Send
Send
Send
Send
Send
Send
Send
Send
Send
Send
Send
Send
Send
Send
Send
Send
Send
Send
Send
Send
Send
Send
Send
Send
Send
Send
Send
Send
Send
Send
Send
Send
Send
Send
Send
Send
Send
Send
Send
Send
Send
Send
Send
Send
Send
Send
Send
Send
Send
Send
Send
Send
Send
Send
Send
Send
Send
Send
Send
Send
Send
Send
Send
Send
Send
Send
Send
Send
Send
Send
Send
Send
Send
Send
Send
Send
Send
Send
Send
Send
Send
Send
Send
Send
Send
Send
Send
Send
Send
Send
Send
Send
Send
Send
Send
Send
Send
Send
Send
Send
Send
Send
Send
Send
Send
Send
Send
Send
Send
Send
Send
Send
Send
Send
Send
Send
Send
Send
Send
Send
Send
Send
Send
Send
Send
Send
Send
Send
Send
Send
Send
Send
Send
Send
Send
Send
Send
Send
Send
Send
Send
Send
Send
Send
Send
Send
Send
Send
Send
Send
Send
Send
Send
Send
Send
Send
Send
Send
Send
Send
Send
Send
Send
Send
Send
Send
Send
Send
Send
Send
Send
Send
Send
Send
Send
Send
Send
Send
Send
Send
Send
Send
Send
Send
Send
Send
Send
Send
Send
Send
Send
Send
Send
Send
Send
Send
Send
Send
Send
Send
Send
Send
Send
Send
Send
Send
Send
Send
Send
Send
Send
Send
Send
Send
Send
Send
Send
Send
Send
Send
Send
Send
Send
Send
Send
Send
Send
Send
Send
Send
Send
Send
Send
Send
Send
Send
Send
Send
Send
Send
Send
Send
Send
Send
Send
Send
Send
Send
Send
Send
Send
Send
Send
Send
Send
Send
Send
Send
Send
Send
Send
Send
Send
Send
Send
Send
Send
Send
Send
Send
Send
Send
Send
Traceback (most recent call last):
  File "test.py", line 76, in <module>
    wrapper.Run()
  File "/home/pi/ola_build/ola/python/ola/ClientWrapper.py", line 278, in Run
    self._ss.Run()
  File "/home/pi/ola_build/ola/python/ola/ClientWrapper.py", line 198, in Run
    self._CheckDescriptors(i, self._read_descriptors)
  File "/home/pi/ola_build/ola/python/ola/ClientWrapper.py", line 233, in _CheckDescriptors
    runnable()
  File "/home/pi/ola_build/ola/python/ola/OlaClient.py", line 734, in SocketReady
    self._channel.SocketReady()
  File "/home/pi/ola_build/ola/python/ola/rpc/StreamRpcChannel.py", line 84, in SocketReady
    self._ProcessIncomingData()
  File "/home/pi/ola_build/ola/python/ola/rpc/StreamRpcChannel.py", line 258, in _ProcessIncomingData
    self._HandleNewMessage(data)
  File "/home/pi/ola_build/ola/python/ola/rpc/StreamRpcChannel.py", line 272, in _HandleNewMessage
    self.MESSAGE_HANDLERS[message.type](self, message)
  File "/home/pi/ola_build/ola/python/ola/rpc/StreamRpcChannel.py", line 304, in _HandleRequest
    lambda x: self.RequestComplete(request, x))
  File "/usr/local/lib/python3.5/dist-packages/google/protobuf/service_reflection.py", line 146, in _WrapCallMethod
    rpc_controller, request, callback)
  File "/usr/local/lib/python3.5/dist-packages/google/protobuf/service_reflection.py", line 171, in _CallMethod
    return method(rpc_controller, request, callback)
  File "/home/pi/ola_build/ola/python/ola/OlaClient.py", line 1103, in UpdateDmxData
    self._universe_callbacks[request.universe](data)
  File "test.py", line 28, in NewData
    api(lights[i].light_control.set_dimmer(min(data[START_ADDR+i-1],254)))
  File "/home/pi/.local/lib/python3.5/site-packages/pytradfri/api/libcoap_api.py", line 96, in request
    return self._execute(api_commands, timeout=timeout)
  File "/home/pi/.local/lib/python3.5/site-packages/pytradfri/api/libcoap_api.py", line 85, in _execute
    raise RequestTimeout() from None
pytradfri.error.RequestTimeout
